{"level":"info","message":"Conectado a MongoDB para seeding","service":"harassment-platform-api","timestamp":"2025-06-26 21:23:04"}
{"level":"info","message":"Datos existentes eliminados","service":"harassment-platform-api","timestamp":"2025-06-26 21:23:04"}
{"level":"info","message":"Tenant creado: Empresa Demo S.A.","service":"harassment-platform-api","timestamp":"2025-06-26 21:23:04"}
{"level":"info","message":"Usuario creado: admin@empresademo.cl (Tenant Admin)","service":"harassment-platform-api","timestamp":"2025-06-26 21:23:04"}
{"level":"info","message":"Usuario creado: ana.garcia@empresademo.cl (RRHH)","service":"harassment-platform-api","timestamp":"2025-06-26 21:23:05"}
{"level":"info","message":"Usuario creado: carlos.lopez@empresademo.cl (Investigador)","service":"harassment-platform-api","timestamp":"2025-06-26 21:23:05"}
{"level":"info","message":"Usuario creado: maria.rodriguez@empresademo.cl (Empleado)","service":"harassment-platform-api","timestamp":"2025-06-26 21:23:06"}
{"level":"info","message":"Usuario creado: juan.perez@empresademo.cl (Empleado)","service":"harassment-platform-api","timestamp":"2025-06-26 21:23:06"}
{"level":"info","message":"Segundo tenant creado: Otra Empresa Ltda.","service":"harassment-platform-api","timestamp":"2025-06-26 21:23:06"}
{"level":"info","message":"Usuario creado para segundo tenant: admin@otraempresa.cl","service":"harassment-platform-api","timestamp":"2025-06-26 21:23:07"}
{"level":"info","message":"=== DATOS DE PRUEBA CREADOS ===","service":"harassment-platform-api","timestamp":"2025-06-26 21:23:07"}
{"level":"info","message":"Tenant 1: Empresa Demo S.A. (RUT: 76.123.456-7)","service":"harassment-platform-api","timestamp":"2025-06-26 21:23:07"}
{"level":"info","message":"- admin@empresademo.cl / Admin123! (Tenant Admin)","service":"harassment-platform-api","timestamp":"2025-06-26 21:23:07"}
{"level":"info","message":"- ana.garcia@empresademo.cl / Password123! (RRHH)","service":"harassment-platform-api","timestamp":"2025-06-26 21:23:07"}
{"level":"info","message":"- carlos.lopez@empresademo.cl / Password123! (Investigador)","service":"harassment-platform-api","timestamp":"2025-06-26 21:23:07"}
{"level":"info","message":"- maria.rodriguez@empresademo.cl / Password123! (Empleado)","service":"harassment-platform-api","timestamp":"2025-06-26 21:23:07"}
{"level":"info","message":"- juan.perez@empresademo.cl / Password123! (Empleado)","service":"harassment-platform-api","timestamp":"2025-06-26 21:23:07"}
{"level":"info","message":"","service":"harassment-platform-api","timestamp":"2025-06-26 21:23:07"}
{"level":"info","message":"Tenant 2: Otra Empresa Ltda. (RUT: 77.987.654-3)","service":"harassment-platform-api","timestamp":"2025-06-26 21:23:07"}
{"level":"info","message":"- admin@otraempresa.cl / Admin123! (Tenant Admin)","service":"harassment-platform-api","timestamp":"2025-06-26 21:23:07"}
{"level":"info","message":"================================","service":"harassment-platform-api","timestamp":"2025-06-26 21:23:07"}
{"level":"info","message":"Servidor iniciado en puerto 3000 en modo development","service":"harassment-platform-api","timestamp":"2025-06-26 21:41:02"}
{"level":"info","message":"Health check disponible en: http://localhost:3000/health","service":"harassment-platform-api","timestamp":"2025-06-26 21:41:02"}
{"level":"info","message":"MongoDB conectado: localhost","service":"harassment-platform-api","timestamp":"2025-06-26 21:41:02"}
{"level":"info","message":"GET /health - IP: ::1 - User-Agent: Mozilla/5.0 (Windows NT 10.0; Win64; x64) AppleWebKit/537.36 (KHTML, like Gecko) Chrome/137.0.0.0 Safari/537.36","service":"harassment-platform-api","timestamp":"2025-06-26 21:41:39"}
{"level":"info","message":"GET /health - 200 - 8ms","service":"harassment-platform-api","timestamp":"2025-06-26 21:41:39"}
{"level":"info","message":"GET /favicon.ico - IP: ::1 - User-Agent: Mozilla/5.0 (Windows NT 10.0; Win64; x64) AppleWebKit/537.36 (KHTML, like Gecko) Chrome/137.0.0.0 Safari/537.36","service":"harassment-platform-api","timestamp":"2025-06-26 21:41:39"}
{"level":"warn","message":"Ruta no encontrada: GET /favicon.ico - IP: ::1","service":"harassment-platform-api","timestamp":"2025-06-26 21:41:39"}
{"level":"info","message":"GET /favicon.ico - 404 - 2ms","service":"harassment-platform-api","timestamp":"2025-06-26 21:41:39"}
{"level":"info","message":"GET /health - IP: ::1 - User-Agent: curl/8.8.0","service":"harassment-platform-api","timestamp":"2025-06-26 21:42:02"}
{"level":"info","message":"GET /health - 200 - 2ms","service":"harassment-platform-api","timestamp":"2025-06-26 21:42:02"}
{"level":"info","message":"GET /health - IP: ::1 - User-Agent: curl/8.8.0","service":"harassment-platform-api","timestamp":"2025-06-26 21:42:55"}
{"level":"info","message":"GET /health - 200 - 1ms","service":"harassment-platform-api","timestamp":"2025-06-26 21:42:55"}
{"level":"info","message":"POST /api/auth/login - IP: ::1 - User-Agent: curl/8.8.0","service":"harassment-platform-api","timestamp":"2025-06-26 21:43:17"}
{"level":"info","message":"Intento de login para email: admin@empresademo.cl, tenant: 76.123.456-7","service":"harassment-platform-api","timestamp":"2025-06-26 21:43:17"}
{"level":"info","message":"Login exitoso para: admin@empresademo.cl (Tenant Admin) en tenant Empresa Demo S.A.","service":"harassment-platform-api","timestamp":"2025-06-26 21:43:18"}
{"level":"info","message":"POST /api/auth/login - 200 - 386ms","service":"harassment-platform-api","timestamp":"2025-06-26 21:43:18"}
{"level":"info","message":"GET /health - IP: ::1 - User-Agent: curl/8.8.0","service":"harassment-platform-api","timestamp":"2025-06-26 22:16:17"}
{"level":"info","message":"GET /health - 200 - 8ms","service":"harassment-platform-api","timestamp":"2025-06-26 22:16:17"}
{"level":"info","message":"SIGINT recibido. Cerrando servidor graciosamente...","service":"harassment-platform-api","timestamp":"2025-06-26 22:20:57"}
{"level":"info","message":"Servidor iniciado en puerto 3000 en modo development","service":"harassment-platform-api","timestamp":"2025-06-26 22:38:24"}
{"level":"info","message":"Health check disponible en: http://localhost:3000/health","service":"harassment-platform-api","timestamp":"2025-06-26 22:38:24"}
{"level":"info","message":"📖 Documentación Swagger disponible en: http://localhost:3000/api/docs","service":"harassment-platform-api","timestamp":"2025-06-26 22:38:24"}
{"level":"info","message":"MongoDB conectado: localhost","service":"harassment-platform-api","timestamp":"2025-06-26 22:38:24"}
{"level":"info","message":"GET /api/docs - IP: ::1 - User-Agent: Mozilla/5.0 (Windows NT 10.0; Win64; x64) AppleWebKit/537.36 (KHTML, like Gecko) Chrome/137.0.0.0 Safari/537.36","service":"harassment-platform-api","timestamp":"2025-06-26 22:38:46"}
{"level":"info","message":"GET /api/docs - 301 - 8ms","service":"harassment-platform-api","timestamp":"2025-06-26 22:38:46"}
{"level":"info","message":"GET /api/docs/ - IP: ::1 - User-Agent: Mozilla/5.0 (Windows NT 10.0; Win64; x64) AppleWebKit/537.36 (KHTML, like Gecko) Chrome/137.0.0.0 Safari/537.36","service":"harassment-platform-api","timestamp":"2025-06-26 22:38:46"}
{"level":"info","message":"GET /api/docs/ - 200 - 5ms","service":"harassment-platform-api","timestamp":"2025-06-26 22:38:46"}
{"level":"info","message":"GET /api/docs/swagger-ui.css - IP: ::1 - User-Agent: Mozilla/5.0 (Windows NT 10.0; Win64; x64) AppleWebKit/537.36 (KHTML, like Gecko) Chrome/137.0.0.0 Safari/537.36","service":"harassment-platform-api","timestamp":"2025-06-26 22:38:46"}
{"level":"info","message":"GET /api/docs/swagger-ui-bundle.js - IP: ::1 - User-Agent: Mozilla/5.0 (Windows NT 10.0; Win64; x64) AppleWebKit/537.36 (KHTML, like Gecko) Chrome/137.0.0.0 Safari/537.36","service":"harassment-platform-api","timestamp":"2025-06-26 22:38:46"}
{"level":"info","message":"GET /api/docs/swagger-ui-init.js - IP: ::1 - User-Agent: Mozilla/5.0 (Windows NT 10.0; Win64; x64) AppleWebKit/537.36 (KHTML, like Gecko) Chrome/137.0.0.0 Safari/537.36","service":"harassment-platform-api","timestamp":"2025-06-26 22:38:46"}
{"level":"info","message":"GET /api/docs/swagger-ui-init.js - 200 - 1ms","service":"harassment-platform-api","timestamp":"2025-06-26 22:38:46"}
{"level":"info","message":"GET /api/docs/swagger-ui-standalone-preset.js - IP: ::1 - User-Agent: Mozilla/5.0 (Windows NT 10.0; Win64; x64) AppleWebKit/537.36 (KHTML, like Gecko) Chrome/137.0.0.0 Safari/537.36","service":"harassment-platform-api","timestamp":"2025-06-26 22:38:46"}
{"level":"info","message":"GET /api/docs/swagger-ui.css - 200 - 41ms","service":"harassment-platform-api","timestamp":"2025-06-26 22:38:46"}
{"level":"info","message":"GET /api/docs/swagger-ui-bundle.js - 200 - 36ms","service":"harassment-platform-api","timestamp":"2025-06-26 22:38:46"}
{"level":"info","message":"GET /api/docs/swagger-ui-standalone-preset.js - 200 - 113ms","service":"harassment-platform-api","timestamp":"2025-06-26 22:38:46"}
{"level":"info","message":"POST /api/auth/login - IP: ::1 - User-Agent: Mozilla/5.0 (Windows NT 10.0; Win64; x64) AppleWebKit/537.36 (KHTML, like Gecko) Chrome/137.0.0.0 Safari/537.36","service":"harassment-platform-api","timestamp":"2025-06-26 22:39:01"}
{"level":"info","message":"Intento de login para email: admin@empresademo.cl, tenant: 76.123.456-7","service":"harassment-platform-api","timestamp":"2025-06-26 22:39:01"}
{"level":"info","message":"Login exitoso para: admin@empresademo.cl (Tenant Admin) en tenant Empresa Demo S.A.","service":"harassment-platform-api","timestamp":"2025-06-26 22:39:02"}
{"level":"info","message":"POST /api/auth/login - 200 - 387ms","service":"harassment-platform-api","timestamp":"2025-06-26 22:39:02"}
{"level":"info","message":"POST /api/auth/login - IP: ::1 - User-Agent: Mozilla/5.0 (Windows NT 10.0; Win64; x64) AppleWebKit/537.36 (KHTML, like Gecko) Chrome/137.0.0.0 Safari/537.36","service":"harassment-platform-api","timestamp":"2025-06-26 22:39:04"}
{"level":"info","message":"Intento de login para email: admin@empresademo.cl, tenant: 76.123.456-7","service":"harassment-platform-api","timestamp":"2025-06-26 22:39:04"}
{"level":"info","message":"Login exitoso para: admin@empresademo.cl (Tenant Admin) en tenant Empresa Demo S.A.","service":"harassment-platform-api","timestamp":"2025-06-26 22:39:04"}
{"level":"info","message":"POST /api/auth/login - 200 - 338ms","service":"harassment-platform-api","timestamp":"2025-06-26 22:39:04"}
{"level":"info","message":"GET /api/auth/me - IP: ::1 - User-Agent: Mozilla/5.0 (Windows NT 10.0; Win64; x64) AppleWebKit/537.36 (KHTML, like Gecko) Chrome/137.0.0.0 Safari/537.36","service":"harassment-platform-api","timestamp":"2025-06-26 22:53:29"}
{"level":"info","message":"GET /api/auth/me - 401 - 2ms","service":"harassment-platform-api","timestamp":"2025-06-26 22:53:29"}
{"level":"info","message":"SIGINT recibido. Cerrando servidor graciosamente...","service":"harassment-platform-api","timestamp":"2025-06-26 23:18:26"}
